2024-07-30 11:03:33,067 [Worker-5: Loading available Gradle versions] INFO  o.e.b.c.i.u.g.PublishedGradleVersions - Gradle version information cache is up-to-date. Trying to read.
2024-07-30 11:07:36,482 [Worker-3: Launching mavenrun-dd408115-9cee-423c-b44c-70926e6de5cd] INFO  o.eclipse.m2e.core.internal.Bundles - getClasspathEntries(Bundle=org.eclipse.m2e.maven.runtime_3.9.700.20240602-2313 [1030])
2024-07-30 11:07:36,509 [Worker-3: Launching mavenrun-dd408115-9cee-423c-b44c-70926e6de5cd] INFO  o.eclipse.m2e.core.internal.Bundles - 	Entry: D:\eclipse\plugins\org.eclipse.m2e.maven.runtime_3.9.700.20240602-2313
2024-07-30 11:07:36,509 [Worker-3: Launching mavenrun-dd408115-9cee-423c-b44c-70926e6de5cd] INFO  o.eclipse.m2e.core.internal.Bundles - 	Entry: D:\eclipse\plugins\org.eclipse.m2e.maven.runtime_3.9.700.20240602-2313\jars\aopalliance-1.0.jar
2024-07-30 11:07:36,510 [Worker-3: Launching mavenrun-dd408115-9cee-423c-b44c-70926e6de5cd] INFO  o.eclipse.m2e.core.internal.Bundles - 	Entry: D:\eclipse\plugins\org.eclipse.m2e.maven.runtime_3.9.700.20240602-2313\jars\guice-5.1.0.jar
2024-07-30 11:07:36,511 [Worker-3: Launching mavenrun-dd408115-9cee-423c-b44c-70926e6de5cd] INFO  o.eclipse.m2e.core.internal.Bundles - 	Entry: D:\eclipse\plugins\org.eclipse.m2e.maven.runtime_3.9.700.20240602-2313\jars\httpclient-4.5.14.jar
2024-07-30 11:07:36,511 [Worker-3: Launching mavenrun-dd408115-9cee-423c-b44c-70926e6de5cd] INFO  o.eclipse.m2e.core.internal.Bundles - 	Entry: D:\eclipse\plugins\org.eclipse.m2e.maven.runtime_3.9.700.20240602-2313\jars\httpcore-4.4.16.jar
2024-07-30 11:07:36,511 [Worker-3: Launching mavenrun-dd408115-9cee-423c-b44c-70926e6de5cd] INFO  o.eclipse.m2e.core.internal.Bundles - 	Entry: D:\eclipse\plugins\org.eclipse.m2e.maven.runtime_3.9.700.20240602-2313\jars\jansi-2.4.1.jar
2024-07-30 11:07:36,511 [Worker-3: Launching mavenrun-dd408115-9cee-423c-b44c-70926e6de5cd] INFO  o.eclipse.m2e.core.internal.Bundles - 	Entry: D:\eclipse\plugins\org.eclipse.m2e.maven.runtime_3.9.700.20240602-2313\jars\jcl-over-slf4j-1.7.36.jar
2024-07-30 11:07:36,511 [Worker-3: Launching mavenrun-dd408115-9cee-423c-b44c-70926e6de5cd] INFO  o.eclipse.m2e.core.internal.Bundles - 	Entry: D:\eclipse\plugins\org.eclipse.m2e.maven.runtime_3.9.700.20240602-2313\jars\maven-artifact-3.9.7.jar
2024-07-30 11:07:36,511 [Worker-3: Launching mavenrun-dd408115-9cee-423c-b44c-70926e6de5cd] INFO  o.eclipse.m2e.core.internal.Bundles - 	Entry: D:\eclipse\plugins\org.eclipse.m2e.maven.runtime_3.9.700.20240602-2313\jars\maven-builder-support-3.9.7.jar
2024-07-30 11:07:36,511 [Worker-3: Launching mavenrun-dd408115-9cee-423c-b44c-70926e6de5cd] INFO  o.eclipse.m2e.core.internal.Bundles - 	Entry: D:\eclipse\plugins\org.eclipse.m2e.maven.runtime_3.9.700.20240602-2313\jars\maven-compat-3.9.7.jar
2024-07-30 11:07:36,511 [Worker-3: Launching mavenrun-dd408115-9cee-423c-b44c-70926e6de5cd] INFO  o.eclipse.m2e.core.internal.Bundles - 	Entry: D:\eclipse\plugins\org.eclipse.m2e.maven.runtime_3.9.700.20240602-2313\jars\maven-core-3.9.7.jar
2024-07-30 11:07:36,511 [Worker-3: Launching mavenrun-dd408115-9cee-423c-b44c-70926e6de5cd] INFO  o.eclipse.m2e.core.internal.Bundles - 	Entry: D:\eclipse\plugins\org.eclipse.m2e.maven.runtime_3.9.700.20240602-2313\jars\maven-embedder-3.9.7.jar
2024-07-30 11:07:36,511 [Worker-3: Launching mavenrun-dd408115-9cee-423c-b44c-70926e6de5cd] INFO  o.eclipse.m2e.core.internal.Bundles - 	Entry: D:\eclipse\plugins\org.eclipse.m2e.maven.runtime_3.9.700.20240602-2313\jars\maven-model-3.9.7.jar
2024-07-30 11:07:36,511 [Worker-3: Launching mavenrun-dd408115-9cee-423c-b44c-70926e6de5cd] INFO  o.eclipse.m2e.core.internal.Bundles - 	Entry: D:\eclipse\plugins\org.eclipse.m2e.maven.runtime_3.9.700.20240602-2313\jars\maven-model-builder-3.9.7.jar
2024-07-30 11:07:36,511 [Worker-3: Launching mavenrun-dd408115-9cee-423c-b44c-70926e6de5cd] INFO  o.eclipse.m2e.core.internal.Bundles - 	Entry: D:\eclipse\plugins\org.eclipse.m2e.maven.runtime_3.9.700.20240602-2313\jars\maven-plugin-api-3.9.7.jar
2024-07-30 11:07:36,512 [Worker-3: Launching mavenrun-dd408115-9cee-423c-b44c-70926e6de5cd] INFO  o.eclipse.m2e.core.internal.Bundles - 	Entry: D:\eclipse\plugins\org.eclipse.m2e.maven.runtime_3.9.700.20240602-2313\jars\maven-repository-metadata-3.9.7.jar
2024-07-30 11:07:36,512 [Worker-3: Launching mavenrun-dd408115-9cee-423c-b44c-70926e6de5cd] INFO  o.eclipse.m2e.core.internal.Bundles - 	Entry: D:\eclipse\plugins\org.eclipse.m2e.maven.runtime_3.9.700.20240602-2313\jars\maven-resolver-api-1.9.20.jar
2024-07-30 11:07:36,512 [Worker-3: Launching mavenrun-dd408115-9cee-423c-b44c-70926e6de5cd] INFO  o.eclipse.m2e.core.internal.Bundles - 	Entry: D:\eclipse\plugins\org.eclipse.m2e.maven.runtime_3.9.700.20240602-2313\jars\maven-resolver-connector-basic-1.9.20.jar
2024-07-30 11:07:36,512 [Worker-3: Launching mavenrun-dd408115-9cee-423c-b44c-70926e6de5cd] INFO  o.eclipse.m2e.core.internal.Bundles - 	Entry: D:\eclipse\plugins\org.eclipse.m2e.maven.runtime_3.9.700.20240602-2313\jars\maven-resolver-impl-1.9.20.jar
2024-07-30 11:07:36,512 [Worker-3: Launching mavenrun-dd408115-9cee-423c-b44c-70926e6de5cd] INFO  o.eclipse.m2e.core.internal.Bundles - 	Entry: D:\eclipse\plugins\org.eclipse.m2e.maven.runtime_3.9.700.20240602-2313\jars\maven-resolver-named-locks-1.9.20.jar
2024-07-30 11:07:36,512 [Worker-3: Launching mavenrun-dd408115-9cee-423c-b44c-70926e6de5cd] INFO  o.eclipse.m2e.core.internal.Bundles - 	Entry: D:\eclipse\plugins\org.eclipse.m2e.maven.runtime_3.9.700.20240602-2313\jars\maven-resolver-provider-3.9.7.jar
2024-07-30 11:07:36,512 [Worker-3: Launching mavenrun-dd408115-9cee-423c-b44c-70926e6de5cd] INFO  o.eclipse.m2e.core.internal.Bundles - 	Entry: D:\eclipse\plugins\org.eclipse.m2e.maven.runtime_3.9.700.20240602-2313\jars\maven-resolver-spi-1.9.20.jar
2024-07-30 11:07:36,512 [Worker-3: Launching mavenrun-dd408115-9cee-423c-b44c-70926e6de5cd] INFO  o.eclipse.m2e.core.internal.Bundles - 	Entry: D:\eclipse\plugins\org.eclipse.m2e.maven.runtime_3.9.700.20240602-2313\jars\maven-resolver-transport-file-1.9.20.jar
2024-07-30 11:07:36,512 [Worker-3: Launching mavenrun-dd408115-9cee-423c-b44c-70926e6de5cd] INFO  o.eclipse.m2e.core.internal.Bundles - 	Entry: D:\eclipse\plugins\org.eclipse.m2e.maven.runtime_3.9.700.20240602-2313\jars\maven-resolver-transport-http-1.9.20.jar
2024-07-30 11:07:36,512 [Worker-3: Launching mavenrun-dd408115-9cee-423c-b44c-70926e6de5cd] INFO  o.eclipse.m2e.core.internal.Bundles - 	Entry: D:\eclipse\plugins\org.eclipse.m2e.maven.runtime_3.9.700.20240602-2313\jars\maven-resolver-transport-wagon-1.9.20.jar
2024-07-30 11:07:36,513 [Worker-3: Launching mavenrun-dd408115-9cee-423c-b44c-70926e6de5cd] INFO  o.eclipse.m2e.core.internal.Bundles - 	Entry: D:\eclipse\plugins\org.eclipse.m2e.maven.runtime_3.9.700.20240602-2313\jars\maven-resolver-util-1.9.20.jar
2024-07-30 11:07:36,513 [Worker-3: Launching mavenrun-dd408115-9cee-423c-b44c-70926e6de5cd] INFO  o.eclipse.m2e.core.internal.Bundles - 	Entry: D:\eclipse\plugins\org.eclipse.m2e.maven.runtime_3.9.700.20240602-2313\jars\maven-settings-3.9.7.jar
2024-07-30 11:07:36,513 [Worker-3: Launching mavenrun-dd408115-9cee-423c-b44c-70926e6de5cd] INFO  o.eclipse.m2e.core.internal.Bundles - 	Entry: D:\eclipse\plugins\org.eclipse.m2e.maven.runtime_3.9.700.20240602-2313\jars\maven-settings-builder-3.9.7.jar
2024-07-30 11:07:36,513 [Worker-3: Launching mavenrun-dd408115-9cee-423c-b44c-70926e6de5cd] INFO  o.eclipse.m2e.core.internal.Bundles - 	Entry: D:\eclipse\plugins\org.eclipse.m2e.maven.runtime_3.9.700.20240602-2313\jars\maven-shared-utils-3.4.2.jar
2024-07-30 11:07:36,513 [Worker-3: Launching mavenrun-dd408115-9cee-423c-b44c-70926e6de5cd] INFO  o.eclipse.m2e.core.internal.Bundles - 	Entry: D:\eclipse\plugins\org.eclipse.m2e.maven.runtime_3.9.700.20240602-2313\jars\org.eclipse.sisu.inject-0.9.0.M2.jar
2024-07-30 11:07:36,513 [Worker-3: Launching mavenrun-dd408115-9cee-423c-b44c-70926e6de5cd] INFO  o.eclipse.m2e.core.internal.Bundles - 	Entry: D:\eclipse\plugins\org.eclipse.m2e.maven.runtime_3.9.700.20240602-2313\jars\org.eclipse.sisu.plexus-0.9.0.M2.jar
2024-07-30 11:07:36,513 [Worker-3: Launching mavenrun-dd408115-9cee-423c-b44c-70926e6de5cd] INFO  o.eclipse.m2e.core.internal.Bundles - 	Entry: D:\eclipse\plugins\org.eclipse.m2e.maven.runtime_3.9.700.20240602-2313\jars\plexus-build-api-0.0.7.jar
2024-07-30 11:07:36,513 [Worker-3: Launching mavenrun-dd408115-9cee-423c-b44c-70926e6de5cd] INFO  o.eclipse.m2e.core.internal.Bundles - 	Entry: D:\eclipse\plugins\org.eclipse.m2e.maven.runtime_3.9.700.20240602-2313\jars\plexus-build-api-1.2.0.jar
2024-07-30 11:07:36,514 [Worker-3: Launching mavenrun-dd408115-9cee-423c-b44c-70926e6de5cd] INFO  o.eclipse.m2e.core.internal.Bundles - 	Entry: D:\eclipse\plugins\org.eclipse.m2e.maven.runtime_3.9.700.20240602-2313\jars\plexus-cipher-2.0.jar
2024-07-30 11:07:36,514 [Worker-3: Launching mavenrun-dd408115-9cee-423c-b44c-70926e6de5cd] INFO  o.eclipse.m2e.core.internal.Bundles - 	Entry: D:\eclipse\plugins\org.eclipse.m2e.maven.runtime_3.9.700.20240602-2313\jars\plexus-classworlds-2.8.0.jar
2024-07-30 11:07:36,514 [Worker-3: Launching mavenrun-dd408115-9cee-423c-b44c-70926e6de5cd] INFO  o.eclipse.m2e.core.internal.Bundles - 	Entry: D:\eclipse\plugins\org.eclipse.m2e.maven.runtime_3.9.700.20240602-2313\jars\plexus-component-annotations-2.1.0.jar
2024-07-30 11:07:36,514 [Worker-3: Launching mavenrun-dd408115-9cee-423c-b44c-70926e6de5cd] INFO  o.eclipse.m2e.core.internal.Bundles - 	Entry: D:\eclipse\plugins\org.eclipse.m2e.maven.runtime_3.9.700.20240602-2313\jars\plexus-interpolation-1.27.jar
2024-07-30 11:07:36,514 [Worker-3: Launching mavenrun-dd408115-9cee-423c-b44c-70926e6de5cd] INFO  o.eclipse.m2e.core.internal.Bundles - 	Entry: D:\eclipse\plugins\org.eclipse.m2e.maven.runtime_3.9.700.20240602-2313\jars\plexus-sec-dispatcher-2.0.jar
2024-07-30 11:07:36,515 [Worker-3: Launching mavenrun-dd408115-9cee-423c-b44c-70926e6de5cd] INFO  o.eclipse.m2e.core.internal.Bundles - 	Entry: D:\eclipse\plugins\org.eclipse.m2e.maven.runtime_3.9.700.20240602-2313\jars\plexus-utils-3.5.1.jar
2024-07-30 11:07:36,515 [Worker-3: Launching mavenrun-dd408115-9cee-423c-b44c-70926e6de5cd] INFO  o.eclipse.m2e.core.internal.Bundles - 	Entry: D:\eclipse\plugins\org.eclipse.m2e.maven.runtime_3.9.700.20240602-2313\jars\wagon-file-3.5.3.jar
2024-07-30 11:07:36,515 [Worker-3: Launching mavenrun-dd408115-9cee-423c-b44c-70926e6de5cd] INFO  o.eclipse.m2e.core.internal.Bundles - 	Entry: D:\eclipse\plugins\org.eclipse.m2e.maven.runtime_3.9.700.20240602-2313\jars\wagon-http-3.5.3.jar
2024-07-30 11:07:36,515 [Worker-3: Launching mavenrun-dd408115-9cee-423c-b44c-70926e6de5cd] INFO  o.eclipse.m2e.core.internal.Bundles - 	Entry: D:\eclipse\plugins\org.eclipse.m2e.maven.runtime_3.9.700.20240602-2313\jars\wagon-http-shared-3.5.3.jar
2024-07-30 11:07:36,515 [Worker-3: Launching mavenrun-dd408115-9cee-423c-b44c-70926e6de5cd] INFO  o.eclipse.m2e.core.internal.Bundles - 	Entry: D:\eclipse\plugins\org.eclipse.m2e.maven.runtime_3.9.700.20240602-2313\jars\wagon-provider-api-3.5.3.jar
2024-07-30 11:07:36,517 [Worker-3: Launching mavenrun-dd408115-9cee-423c-b44c-70926e6de5cd] INFO  o.eclipse.m2e.core.internal.Bundles - getClasspathEntries(Bundle=com.google.guava_33.2.0.jre [444])
2024-07-30 11:07:36,518 [Worker-3: Launching mavenrun-dd408115-9cee-423c-b44c-70926e6de5cd] INFO  o.eclipse.m2e.core.internal.Bundles - 	Entry: D:\eclipse\plugins\com.google.guava_33.2.0.jre.jar
2024-07-30 11:07:36,518 [Worker-3: Launching mavenrun-dd408115-9cee-423c-b44c-70926e6de5cd] INFO  o.eclipse.m2e.core.internal.Bundles - getClasspathEntries(Bundle=slf4j.api_2.0.13 [1214])
2024-07-30 11:07:36,518 [Worker-3: Launching mavenrun-dd408115-9cee-423c-b44c-70926e6de5cd] INFO  o.eclipse.m2e.core.internal.Bundles - 	Entry: D:\eclipse\plugins\slf4j.api_2.0.13.jar
2024-07-30 11:07:36,518 [Worker-3: Launching mavenrun-dd408115-9cee-423c-b44c-70926e6de5cd] INFO  o.eclipse.m2e.core.internal.Bundles - getClasspathEntries(Bundle=javax.inject_1.0.0.v20091030 [22])
2024-07-30 11:07:36,518 [Worker-3: Launching mavenrun-dd408115-9cee-423c-b44c-70926e6de5cd] INFO  o.eclipse.m2e.core.internal.Bundles - 	Entry: D:\eclipse\plugins\javax.inject_1.0.0.v20091030.jar
2024-07-30 11:07:36,519 [Worker-3: Launching mavenrun-dd408115-9cee-423c-b44c-70926e6de5cd] INFO  o.eclipse.m2e.core.internal.Bundles - getClasspathEntries(Bundle=javax.annotation_1.3.5.v20200909-1856 [20])
2024-07-30 11:07:36,519 [Worker-3: Launching mavenrun-dd408115-9cee-423c-b44c-70926e6de5cd] INFO  o.eclipse.m2e.core.internal.Bundles - 	Entry: D:\eclipse\plugins\javax.annotation_1.3.5.v20200909-1856.jar
2024-07-30 11:07:36,519 [Worker-3: Launching mavenrun-dd408115-9cee-423c-b44c-70926e6de5cd] INFO  o.eclipse.m2e.core.internal.Bundles - getClasspathEntries(Bundle=org.apache.commons.cli_1.8.0 [736])
2024-07-30 11:07:36,520 [Worker-3: Launching mavenrun-dd408115-9cee-423c-b44c-70926e6de5cd] INFO  o.eclipse.m2e.core.internal.Bundles - 	Entry: D:\eclipse\plugins\org.apache.commons.cli_1.8.0.jar
2024-07-30 11:07:36,520 [Worker-3: Launching mavenrun-dd408115-9cee-423c-b44c-70926e6de5cd] INFO  o.eclipse.m2e.core.internal.Bundles - getClasspathEntries(Bundle=org.apache.commons.commons-codec_1.16.0 [738])
2024-07-30 11:07:36,520 [Worker-3: Launching mavenrun-dd408115-9cee-423c-b44c-70926e6de5cd] INFO  o.eclipse.m2e.core.internal.Bundles - 	Entry: D:\eclipse\plugins\org.apache.commons.commons-codec_1.16.0.jar
2024-07-30 11:07:36,520 [Worker-3: Launching mavenrun-dd408115-9cee-423c-b44c-70926e6de5cd] INFO  o.eclipse.m2e.core.internal.Bundles - getClasspathEntries(Bundle=org.apache.commons.lang3_3.14.0 [452])
2024-07-30 11:07:36,520 [Worker-3: Launching mavenrun-dd408115-9cee-423c-b44c-70926e6de5cd] INFO  o.eclipse.m2e.core.internal.Bundles - 	Entry: D:\eclipse\plugins\org.apache.commons.lang3_3.14.0.jar
2024-07-30 11:07:36,521 [Worker-3: Launching mavenrun-dd408115-9cee-423c-b44c-70926e6de5cd] INFO  o.eclipse.m2e.core.internal.Bundles - getClasspathEntries(Bundle=com.google.guava.failureaccess_1.0.2 [445])
2024-07-30 11:07:36,521 [Worker-3: Launching mavenrun-dd408115-9cee-423c-b44c-70926e6de5cd] INFO  o.eclipse.m2e.core.internal.Bundles - 	Entry: D:\eclipse\plugins\com.google.guava.failureaccess_1.0.2.jar
2024-07-30 11:07:36,562 [Worker-3: Launching mavenrun-dd408115-9cee-423c-b44c-70926e6de5cd] INFO  o.e.m.i.launch.MavenLaunchDelegate - Run build in "C:\Users\LENOVO\AppData\Local\Temp\m2e-archetypeGenerator3882111324883737364":
2024-07-30 11:07:36,628 [Worker-3: Launching mavenrun-dd408115-9cee-423c-b44c-70926e6de5cd] INFO  o.e.m.i.launch.MavenLaunchDelegate -  mvn  -DarchetypeGroupId=org.apache.maven.archetypes -DarchetypeArtifactId=maven-archetype-quickstart -DarchetypeVersion=1.1 -DgroupId=com.library -DartifactId=LibraryManagement -Dversion=0.0.1-SNAPSHOT -Dpackage=com.library.LibraryManagement -DoutputDirectory="D:\DNP3\Week 2_Spring Core_Maven" -Dstyle.color=always -U archetype:generate
2024-07-30 11:07:55,232 [Worker-8: Creating maven-archetype-quickstart] INFO  o.e.m.c.i.p.ProjectConfigurationManager - Collecting project info '/pom.xml' D:\DNP3\Week 2_Spring Core_Maven\LibraryManagement\pom.xml
2024-07-30 11:07:56,564 [Worker-8: Creating maven-archetype-quickstart] INFO  o.e.m.c.i.l.LifecycleMappingFactory - Using org.eclipse.m2e.jdt.JarLifecycleMapping lifecycle mapping for MavenProject: com.library:LibraryManagement:0.0.1-SNAPSHOT @ D:\DNP3\Week 2_Spring Core_Maven\LibraryManagement\pom.xml.
2024-07-30 11:07:58,827 [Worker-8: Creating maven-archetype-quickstart] INFO  o.e.m.j.i.AbstractJavaProjectConfigurator - Adding source folder /LibraryManagement/src/main/java
2024-07-30 11:07:58,832 [Worker-8: Creating maven-archetype-quickstart] INFO  o.e.m.j.i.AbstractJavaProjectConfigurator - Adding resource folder /LibraryManagement/src/main/resources
2024-07-30 11:07:58,841 [Worker-8: Creating maven-archetype-quickstart] INFO  o.e.m.j.i.AbstractJavaProjectConfigurator - Adding source folder /LibraryManagement/src/test/java
2024-07-30 11:07:58,844 [Worker-8: Creating maven-archetype-quickstart] INFO  o.e.m.j.i.AbstractJavaProjectConfigurator - Adding resource folder /LibraryManagement/src/test/resources
2024-07-30 11:07:59,195 [Worker-8: Creating maven-archetype-quickstart] INFO  o.e.m.c.i.p.ProjectConfigurationManager - Imported and configured 1 project(s) in 3 sec
2024-07-30 11:08:02,151 [Worker-10: Building] INFO  o.a.m.s.f.DefaultMavenResourcesFiltering - skip non existing resourceDirectory D:\DNP3\Week 2_Spring Core_Maven\LibraryManagement\src\main\resources
2024-07-30 11:08:02,177 [Worker-10: Building] INFO  o.a.m.s.f.DefaultMavenResourcesFiltering - skip non existing resourceDirectory D:\DNP3\Week 2_Spring Core_Maven\LibraryManagement\src\test\resources
2024-07-30 11:13:05,239 [Worker-16: Building] INFO  o.e.m.c.i.l.LifecycleMappingFactory - Using org.eclipse.m2e.jdt.JarLifecycleMapping lifecycle mapping for MavenProject: com.library:LibraryManagement:0.0.1-SNAPSHOT @ D:\DNP3\Week 2_Spring Core_Maven\LibraryManagement\pom.xml.
2024-07-30 11:13:05,416 [Worker-16: Building] INFO  o.e.m.c.i.e.AbstractTransferListenerAdapter - Downloading https://repo.maven.apache.org/maven2/org/springframework/spring-core/5.2.22.RELEASE/spring-core-5.2.22.RELEASE.pom
2024-07-30 11:13:05,434 [Worker-16: Building] INFO  o.e.m.c.i.e.AbstractTransferListenerAdapter - Downloaded https://repo.maven.apache.org/maven2/org/springframework/spring-core/5.2.22.RELEASE/spring-core-5.2.22.RELEASE.pom
2024-07-30 11:13:05,453 [Worker-16: Building] INFO  o.e.m.c.i.e.AbstractTransferListenerAdapter - Downloading https://repo.maven.apache.org/maven2/org/springframework/spring-jcl/5.2.22.RELEASE/spring-jcl-5.2.22.RELEASE.pom
2024-07-30 11:13:05,458 [Worker-16: Building] INFO  o.e.m.c.i.e.AbstractTransferListenerAdapter - Downloaded https://repo.maven.apache.org/maven2/org/springframework/spring-jcl/5.2.22.RELEASE/spring-jcl-5.2.22.RELEASE.pom
2024-07-30 11:13:05,471 [Worker-16: Building] INFO  o.e.m.c.i.e.AbstractTransferListenerAdapter - Downloading https://repo.maven.apache.org/maven2/org/springframework/spring-context/5.2.22.RELEASE/spring-context-5.2.22.RELEASE.pom
2024-07-30 11:13:05,476 [Worker-16: Building] INFO  o.e.m.c.i.e.AbstractTransferListenerAdapter - Downloaded https://repo.maven.apache.org/maven2/org/springframework/spring-context/5.2.22.RELEASE/spring-context-5.2.22.RELEASE.pom
2024-07-30 11:13:05,492 [Worker-16: Building] INFO  o.e.m.c.i.e.AbstractTransferListenerAdapter - Downloading https://repo.maven.apache.org/maven2/org/springframework/spring-aop/5.2.22.RELEASE/spring-aop-5.2.22.RELEASE.pom
2024-07-30 11:13:05,497 [Worker-16: Building] INFO  o.e.m.c.i.e.AbstractTransferListenerAdapter - Downloaded https://repo.maven.apache.org/maven2/org/springframework/spring-aop/5.2.22.RELEASE/spring-aop-5.2.22.RELEASE.pom
2024-07-30 11:13:05,512 [Worker-16: Building] INFO  o.e.m.c.i.e.AbstractTransferListenerAdapter - Downloading https://repo.maven.apache.org/maven2/org/springframework/spring-beans/5.2.22.RELEASE/spring-beans-5.2.22.RELEASE.pom
2024-07-30 11:13:05,518 [Worker-16: Building] INFO  o.e.m.c.i.e.AbstractTransferListenerAdapter - Downloaded https://repo.maven.apache.org/maven2/org/springframework/spring-beans/5.2.22.RELEASE/spring-beans-5.2.22.RELEASE.pom
2024-07-30 11:13:05,533 [Worker-16: Building] INFO  o.e.m.c.i.e.AbstractTransferListenerAdapter - Downloading https://repo.maven.apache.org/maven2/org/springframework/spring-expression/5.2.22.RELEASE/spring-expression-5.2.22.RELEASE.pom
2024-07-30 11:13:05,540 [Worker-16: Building] INFO  o.e.m.c.i.e.AbstractTransferListenerAdapter - Downloaded https://repo.maven.apache.org/maven2/org/springframework/spring-expression/5.2.22.RELEASE/spring-expression-5.2.22.RELEASE.pom
2024-07-30 11:13:05,573 [Worker-16: Building] INFO  o.e.m.c.i.e.AbstractTransferListenerAdapter - Downloading https://repo.maven.apache.org/maven2/org/springframework/spring-core/5.2.22.RELEASE/spring-core-5.2.22.RELEASE.jar
2024-07-30 11:13:05,714 [Worker-16: Building] INFO  o.e.m.c.i.e.AbstractTransferListenerAdapter - Downloaded https://repo.maven.apache.org/maven2/org/springframework/spring-core/5.2.22.RELEASE/spring-core-5.2.22.RELEASE.jar
2024-07-30 11:13:05,724 [BasicRepositoryConnector-repo.maven.apache.org-0-2] INFO  o.e.m.c.i.e.AbstractTransferListenerAdapter - Downloading https://repo.maven.apache.org/maven2/org/springframework/spring-aop/5.2.22.RELEASE/spring-aop-5.2.22.RELEASE.jar
2024-07-30 11:13:05,757 [BasicRepositoryConnector-repo.maven.apache.org-0-0] INFO  o.e.m.c.i.e.AbstractTransferListenerAdapter - Downloading https://repo.maven.apache.org/maven2/org/springframework/spring-jcl/5.2.22.RELEASE/spring-jcl-5.2.22.RELEASE.jar
2024-07-30 11:13:05,764 [BasicRepositoryConnector-repo.maven.apache.org-0-3] INFO  o.e.m.c.i.e.AbstractTransferListenerAdapter - Downloading https://repo.maven.apache.org/maven2/org/springframework/spring-beans/5.2.22.RELEASE/spring-beans-5.2.22.RELEASE.jar
2024-07-30 11:13:05,764 [BasicRepositoryConnector-repo.maven.apache.org-0-4] INFO  o.e.m.c.i.e.AbstractTransferListenerAdapter - Downloading https://repo.maven.apache.org/maven2/org/springframework/spring-expression/5.2.22.RELEASE/spring-expression-5.2.22.RELEASE.jar
2024-07-30 11:13:05,767 [BasicRepositoryConnector-repo.maven.apache.org-0-1] INFO  o.e.m.c.i.e.AbstractTransferListenerAdapter - Downloading https://repo.maven.apache.org/maven2/org/springframework/spring-context/5.2.22.RELEASE/spring-context-5.2.22.RELEASE.jar
2024-07-30 11:13:05,767 [BasicRepositoryConnector-repo.maven.apache.org-0-2] INFO  o.e.m.c.i.e.AbstractTransferListenerAdapter - Downloaded https://repo.maven.apache.org/maven2/org/springframework/spring-aop/5.2.22.RELEASE/spring-aop-5.2.22.RELEASE.jar
2024-07-30 11:13:05,772 [BasicRepositoryConnector-repo.maven.apache.org-0-0] INFO  o.e.m.c.i.e.AbstractTransferListenerAdapter - Downloaded https://repo.maven.apache.org/maven2/org/springframework/spring-jcl/5.2.22.RELEASE/spring-jcl-5.2.22.RELEASE.jar
2024-07-30 11:13:05,857 [BasicRepositoryConnector-repo.maven.apache.org-0-4] INFO  o.e.m.c.i.e.AbstractTransferListenerAdapter - Downloaded https://repo.maven.apache.org/maven2/org/springframework/spring-expression/5.2.22.RELEASE/spring-expression-5.2.22.RELEASE.jar
2024-07-30 11:13:05,903 [BasicRepositoryConnector-repo.maven.apache.org-0-3] INFO  o.e.m.c.i.e.AbstractTransferListenerAdapter - Downloaded https://repo.maven.apache.org/maven2/org/springframework/spring-beans/5.2.22.RELEASE/spring-beans-5.2.22.RELEASE.jar
2024-07-30 11:13:05,970 [BasicRepositoryConnector-repo.maven.apache.org-0-1] INFO  o.e.m.c.i.e.AbstractTransferListenerAdapter - Downloaded https://repo.maven.apache.org/maven2/org/springframework/spring-context/5.2.22.RELEASE/spring-context-5.2.22.RELEASE.jar
2024-07-30 11:13:06,205 [Worker-16: Building] INFO  o.a.m.s.f.DefaultMavenResourcesFiltering - skip non existing resourceDirectory D:\DNP3\Week 2_Spring Core_Maven\LibraryManagement\src\main\resources
2024-07-30 11:13:06,210 [Worker-16: Building] INFO  o.a.m.s.f.DefaultMavenResourcesFiltering - skip non existing resourceDirectory D:\DNP3\Week 2_Spring Core_Maven\LibraryManagement\src\test\resources
2024-07-30 11:13:07,420 [Worker-17: Download sources and javadoc] INFO  o.e.m.c.i.e.AbstractTransferListenerAdapter - Downloading https://repo.maven.apache.org/maven2/org/springframework/spring-core/5.2.22.RELEASE/spring-core-5.2.22.RELEASE-sources.jar
2024-07-30 11:13:07,520 [Worker-17: Download sources and javadoc] INFO  o.e.m.c.i.e.AbstractTransferListenerAdapter - Downloaded https://repo.maven.apache.org/maven2/org/springframework/spring-core/5.2.22.RELEASE/spring-core-5.2.22.RELEASE-sources.jar
2024-07-30 11:13:07,529 [Worker-17: Download sources and javadoc] INFO  o.e.m.j.internal.DownloadSourcesJob - Downloaded sources for org.springframework:spring-core:5.2.22.RELEASE
2024-07-30 11:13:07,790 [Worker-17: Download sources and javadoc] INFO  o.e.m.c.i.e.AbstractTransferListenerAdapter - Downloading https://repo.maven.apache.org/maven2/org/springframework/spring-jcl/5.2.22.RELEASE/spring-jcl-5.2.22.RELEASE-sources.jar
2024-07-30 11:13:07,832 [Worker-17: Download sources and javadoc] INFO  o.e.m.c.i.e.AbstractTransferListenerAdapter - Downloaded https://repo.maven.apache.org/maven2/org/springframework/spring-jcl/5.2.22.RELEASE/spring-jcl-5.2.22.RELEASE-sources.jar
2024-07-30 11:13:07,841 [Worker-17: Download sources and javadoc] INFO  o.e.m.j.internal.DownloadSourcesJob - Downloaded sources for org.springframework:spring-jcl:5.2.22.RELEASE
2024-07-30 11:13:08,217 [Worker-17: Download sources and javadoc] INFO  o.e.m.c.i.e.AbstractTransferListenerAdapter - Downloading https://repo.maven.apache.org/maven2/org/springframework/spring-context/5.2.22.RELEASE/spring-context-5.2.22.RELEASE-sources.jar
2024-07-30 11:13:08,245 [Worker-18: Building] INFO  o.a.m.s.f.DefaultMavenResourcesFiltering - skip non existing resourceDirectory D:\DNP3\Week 2_Spring Core_Maven\LibraryManagement\src\main\resources
2024-07-30 11:13:08,250 [Worker-18: Building] INFO  o.a.m.s.f.DefaultMavenResourcesFiltering - skip non existing resourceDirectory D:\DNP3\Week 2_Spring Core_Maven\LibraryManagement\src\test\resources
2024-07-30 11:13:08,397 [Worker-17: Download sources and javadoc] INFO  o.e.m.c.i.e.AbstractTransferListenerAdapter - Downloaded https://repo.maven.apache.org/maven2/org/springframework/spring-context/5.2.22.RELEASE/spring-context-5.2.22.RELEASE-sources.jar
2024-07-30 11:13:08,407 [Worker-17: Download sources and javadoc] INFO  o.e.m.j.internal.DownloadSourcesJob - Downloaded sources for org.springframework:spring-context:5.2.22.RELEASE
2024-07-30 11:13:08,723 [Worker-17: Download sources and javadoc] INFO  o.e.m.c.i.e.AbstractTransferListenerAdapter - Downloading https://repo.maven.apache.org/maven2/org/springframework/spring-aop/5.2.22.RELEASE/spring-aop-5.2.22.RELEASE-sources.jar
2024-07-30 11:13:08,762 [Worker-17: Download sources and javadoc] INFO  o.e.m.c.i.e.AbstractTransferListenerAdapter - Downloaded https://repo.maven.apache.org/maven2/org/springframework/spring-aop/5.2.22.RELEASE/spring-aop-5.2.22.RELEASE-sources.jar
2024-07-30 11:13:08,768 [Worker-17: Download sources and javadoc] INFO  o.e.m.j.internal.DownloadSourcesJob - Downloaded sources for org.springframework:spring-aop:5.2.22.RELEASE
2024-07-30 11:13:09,121 [Worker-17: Download sources and javadoc] INFO  o.e.m.c.i.e.AbstractTransferListenerAdapter - Downloading https://repo.maven.apache.org/maven2/org/springframework/spring-beans/5.2.22.RELEASE/spring-beans-5.2.22.RELEASE-sources.jar
2024-07-30 11:13:09,185 [Worker-17: Download sources and javadoc] INFO  o.e.m.c.i.e.AbstractTransferListenerAdapter - Downloaded https://repo.maven.apache.org/maven2/org/springframework/spring-beans/5.2.22.RELEASE/spring-beans-5.2.22.RELEASE-sources.jar
2024-07-30 11:13:09,189 [Worker-17: Download sources and javadoc] INFO  o.e.m.j.internal.DownloadSourcesJob - Downloaded sources for org.springframework:spring-beans:5.2.22.RELEASE
2024-07-30 11:13:09,488 [Worker-17: Download sources and javadoc] INFO  o.e.m.c.i.e.AbstractTransferListenerAdapter - Downloading https://repo.maven.apache.org/maven2/org/springframework/spring-expression/5.2.22.RELEASE/spring-expression-5.2.22.RELEASE-sources.jar
2024-07-30 11:13:09,513 [Worker-17: Download sources and javadoc] INFO  o.e.m.c.i.e.AbstractTransferListenerAdapter - Downloaded https://repo.maven.apache.org/maven2/org/springframework/spring-expression/5.2.22.RELEASE/spring-expression-5.2.22.RELEASE-sources.jar
2024-07-30 11:13:09,518 [Worker-17: Download sources and javadoc] INFO  o.e.m.j.internal.DownloadSourcesJob - Downloaded sources for org.springframework:spring-expression:5.2.22.RELEASE
2024-07-30 11:15:07,270 [Worker-15: Building] INFO  o.a.m.s.f.DefaultMavenResourcesFiltering - skip non existing resourceDirectory D:\DNP3\Week 2_Spring Core_Maven\LibraryManagement\src\main\resources
2024-07-30 11:15:07,274 [Worker-15: Building] INFO  o.a.m.s.f.DefaultMavenResourcesFiltering - skip non existing resourceDirectory D:\DNP3\Week 2_Spring Core_Maven\LibraryManagement\src\test\resources
2024-07-30 11:15:25,313 [Worker-15: Building] INFO  o.a.m.s.f.DefaultMavenResourcesFiltering - skip non existing resourceDirectory D:\DNP3\Week 2_Spring Core_Maven\LibraryManagement\src\main\resources
2024-07-30 11:15:25,318 [Worker-15: Building] INFO  o.a.m.s.f.DefaultMavenResourcesFiltering - skip non existing resourceDirectory D:\DNP3\Week 2_Spring Core_Maven\LibraryManagement\src\test\resources
2024-07-30 11:17:21,363 [Worker-20: Building] INFO  o.a.m.s.f.DefaultMavenResourcesFiltering - skip non existing resourceDirectory D:\DNP3\Week 2_Spring Core_Maven\LibraryManagement\src\main\resources
2024-07-30 11:17:21,369 [Worker-20: Building] INFO  o.a.m.s.f.DefaultMavenResourcesFiltering - skip non existing resourceDirectory D:\DNP3\Week 2_Spring Core_Maven\LibraryManagement\src\test\resources
2024-07-30 11:18:19,102 [Worker-24: Building] INFO  o.a.m.s.f.DefaultMavenResourcesFiltering - skip non existing resourceDirectory D:\DNP3\Week 2_Spring Core_Maven\LibraryManagement\src\main\resources
2024-07-30 11:18:19,105 [Worker-24: Building] INFO  o.a.m.s.f.DefaultMavenResourcesFiltering - skip non existing resourceDirectory D:\DNP3\Week 2_Spring Core_Maven\LibraryManagement\src\test\resources
2024-07-30 11:18:37,809 [Worker-27: Building] INFO  o.a.m.s.f.DefaultMavenResourcesFiltering - skip non existing resourceDirectory D:\DNP3\Week 2_Spring Core_Maven\LibraryManagement\src\main\resources
2024-07-30 11:18:37,812 [Worker-27: Building] INFO  o.a.m.s.f.DefaultMavenResourcesFiltering - skip non existing resourceDirectory D:\DNP3\Week 2_Spring Core_Maven\LibraryManagement\src\test\resources
2024-07-30 11:19:00,611 [Worker-23: Building] INFO  o.a.m.s.f.DefaultMavenResourcesFiltering - skip non existing resourceDirectory D:\DNP3\Week 2_Spring Core_Maven\LibraryManagement\src\main\resources
2024-07-30 11:19:00,614 [Worker-23: Building] INFO  o.a.m.s.f.DefaultMavenResourcesFiltering - skip non existing resourceDirectory D:\DNP3\Week 2_Spring Core_Maven\LibraryManagement\src\test\resources
2024-07-30 11:19:29,707 [Worker-22: Building] INFO  o.a.m.s.f.DefaultMavenResourcesFiltering - skip non existing resourceDirectory D:\DNP3\Week 2_Spring Core_Maven\LibraryManagement\src\main\resources
2024-07-30 11:19:29,710 [Worker-22: Building] INFO  o.a.m.s.f.DefaultMavenResourcesFiltering - skip non existing resourceDirectory D:\DNP3\Week 2_Spring Core_Maven\LibraryManagement\src\test\resources
2024-07-30 11:23:15,930 [Worker-22: Building] INFO  o.a.m.s.f.DefaultMavenResourcesFiltering - skip non existing resourceDirectory D:\DNP3\Week 2_Spring Core_Maven\LibraryManagement\src\main\resources
2024-07-30 11:23:15,933 [Worker-22: Building] INFO  o.a.m.s.f.DefaultMavenResourcesFiltering - skip non existing resourceDirectory D:\DNP3\Week 2_Spring Core_Maven\LibraryManagement\src\test\resources
2024-07-30 11:25:56,286 [Worker-27: Updating Maven Project] INFO  o.e.m.c.i.p.ProjectConfigurationManager - Update started
2024-07-30 11:25:56,513 [Worker-27: Updating Maven Project] INFO  o.e.m.c.i.l.LifecycleMappingFactory - Using org.eclipse.m2e.jdt.JarLifecycleMapping lifecycle mapping for MavenProject: com.library:LibraryManagement:0.0.1-SNAPSHOT @ D:\DNP3\Week 2_Spring Core_Maven\LibraryManagement\pom.xml.
2024-07-30 11:25:56,666 [Worker-27: Updating Maven Project] INFO  o.e.m.j.i.AbstractJavaProjectConfigurator - Adding source folder /LibraryManagement/src/main/java
2024-07-30 11:25:56,667 [Worker-27: Updating Maven Project] INFO  o.e.m.j.i.AbstractJavaProjectConfigurator - Adding resource folder /LibraryManagement/src/main/resources
2024-07-30 11:25:56,668 [Worker-27: Updating Maven Project] INFO  o.e.m.j.i.AbstractJavaProjectConfigurator - Adding source folder /LibraryManagement/src/test/java
2024-07-30 11:25:56,669 [Worker-27: Updating Maven Project] INFO  o.e.m.j.i.AbstractJavaProjectConfigurator - Adding resource folder /LibraryManagement/src/test/resources
2024-07-30 11:25:56,747 [Worker-27: Updating Maven Project] INFO  o.e.m.c.i.p.ProjectConfigurationManager - Update completed for 1 poms: local refresh takes 0.00 sec, refresh facades takes 0.00 sec, update config takes 0.00 sec 
2024-07-30 11:25:57,019 [Worker-29: Building] INFO  o.a.m.s.f.DefaultMavenResourcesFiltering - skip non existing resourceDirectory D:\DNP3\Week 2_Spring Core_Maven\LibraryManagement\src\main\resources
2024-07-30 11:25:57,024 [Worker-29: Building] INFO  o.a.m.s.f.DefaultMavenResourcesFiltering - skip non existing resourceDirectory D:\DNP3\Week 2_Spring Core_Maven\LibraryManagement\src\test\resources
2024-07-30 11:30:17,805 [Worker-32: Building] INFO  o.a.m.s.f.DefaultMavenResourcesFiltering - skip non existing resourceDirectory D:\DNP3\Week 2_Spring Core_Maven\LibraryManagement\src\main\resources
2024-07-30 11:30:17,808 [Worker-32: Building] INFO  o.a.m.s.f.DefaultMavenResourcesFiltering - skip non existing resourceDirectory D:\DNP3\Week 2_Spring Core_Maven\LibraryManagement\src\test\resources
2024-07-30 11:35:23,592 [Worker-33: Building] INFO  o.a.m.s.f.DefaultMavenResourcesFiltering - skip non existing resourceDirectory D:\DNP3\Week 2_Spring Core_Maven\LibraryManagement\src\main\resources
2024-07-30 11:35:23,597 [Worker-33: Building] INFO  o.a.m.s.f.DefaultMavenResourcesFiltering - skip non existing resourceDirectory D:\DNP3\Week 2_Spring Core_Maven\LibraryManagement\src\test\resources
2024-07-30 11:36:07,861 [Worker-36: Building] INFO  o.a.m.s.f.DefaultMavenResourcesFiltering - skip non existing resourceDirectory D:\DNP3\Week 2_Spring Core_Maven\LibraryManagement\src\main\resources
2024-07-30 11:36:07,865 [Worker-36: Building] INFO  o.a.m.s.f.DefaultMavenResourcesFiltering - skip non existing resourceDirectory D:\DNP3\Week 2_Spring Core_Maven\LibraryManagement\src\test\resources
2024-07-30 11:37:11,250 [Worker-28: Building] INFO  o.a.m.s.f.DefaultMavenResourcesFiltering - skip non existing resourceDirectory D:\DNP3\Week 2_Spring Core_Maven\LibraryManagement\src\main\resources
2024-07-30 11:37:11,252 [Worker-28: Building] INFO  o.a.m.s.f.DefaultMavenResourcesFiltering - skip non existing resourceDirectory D:\DNP3\Week 2_Spring Core_Maven\LibraryManagement\src\test\resources
2024-07-30 11:38:39,907 [Worker-33: Building] INFO  o.a.m.s.f.DefaultMavenResourcesFiltering - skip non existing resourceDirectory D:\DNP3\Week 2_Spring Core_Maven\LibraryManagement\src\main\resources
2024-07-30 11:38:39,909 [Worker-33: Building] INFO  o.a.m.s.f.DefaultMavenResourcesFiltering - skip non existing resourceDirectory D:\DNP3\Week 2_Spring Core_Maven\LibraryManagement\src\test\resources
2024-07-30 11:38:50,250 [Worker-33: Building] INFO  o.a.m.s.f.DefaultMavenResourcesFiltering - skip non existing resourceDirectory D:\DNP3\Week 2_Spring Core_Maven\LibraryManagement\src\main\resources
2024-07-30 11:38:50,253 [Worker-33: Building] INFO  o.a.m.s.f.DefaultMavenResourcesFiltering - skip non existing resourceDirectory D:\DNP3\Week 2_Spring Core_Maven\LibraryManagement\src\test\resources
2024-07-30 11:40:50,193 [Worker-35: Building] INFO  o.a.m.s.f.DefaultMavenResourcesFiltering - skip non existing resourceDirectory D:\DNP3\Week 2_Spring Core_Maven\LibraryManagement\src\main\resources
2024-07-30 11:40:50,195 [Worker-35: Building] INFO  o.a.m.s.f.DefaultMavenResourcesFiltering - skip non existing resourceDirectory D:\DNP3\Week 2_Spring Core_Maven\LibraryManagement\src\test\resources
2024-07-30 11:41:07,905 [Worker-36: Building] INFO  o.a.m.s.f.DefaultMavenResourcesFiltering - skip non existing resourceDirectory D:\DNP3\Week 2_Spring Core_Maven\LibraryManagement\src\main\resources
2024-07-30 11:41:07,908 [Worker-36: Building] INFO  o.a.m.s.f.DefaultMavenResourcesFiltering - skip non existing resourceDirectory D:\DNP3\Week 2_Spring Core_Maven\LibraryManagement\src\test\resources
2024-07-30 11:42:21,441 [Worker-39: Building] INFO  o.a.m.s.f.DefaultMavenResourcesFiltering - skip non existing resourceDirectory D:\DNP3\Week 2_Spring Core_Maven\LibraryManagement\src\main\resources
2024-07-30 11:42:21,443 [Worker-39: Building] INFO  o.a.m.s.f.DefaultMavenResourcesFiltering - skip non existing resourceDirectory D:\DNP3\Week 2_Spring Core_Maven\LibraryManagement\src\test\resources
2024-07-30 11:43:34,288 [Worker-37: Building] INFO  o.a.m.s.f.DefaultMavenResourcesFiltering - skip non existing resourceDirectory D:\DNP3\Week 2_Spring Core_Maven\LibraryManagement\src\main\resources
2024-07-30 11:43:34,291 [Worker-37: Building] INFO  o.a.m.s.f.DefaultMavenResourcesFiltering - skip non existing resourceDirectory D:\DNP3\Week 2_Spring Core_Maven\LibraryManagement\src\test\resources
2024-07-30 11:43:53,055 [Worker-36: Building] INFO  o.a.m.s.f.DefaultMavenResourcesFiltering - skip non existing resourceDirectory D:\DNP3\Week 2_Spring Core_Maven\LibraryManagement\src\main\resources
2024-07-30 11:43:53,057 [Worker-36: Building] INFO  o.a.m.s.f.DefaultMavenResourcesFiltering - skip non existing resourceDirectory D:\DNP3\Week 2_Spring Core_Maven\LibraryManagement\src\test\resources
2024-07-30 11:44:29,330 [Worker-33: Building] INFO  o.a.m.s.f.DefaultMavenResourcesFiltering - skip non existing resourceDirectory D:\DNP3\Week 2_Spring Core_Maven\LibraryManagement\src\main\resources
2024-07-30 11:44:29,334 [Worker-33: Building] INFO  o.a.m.s.f.DefaultMavenResourcesFiltering - skip non existing resourceDirectory D:\DNP3\Week 2_Spring Core_Maven\LibraryManagement\src\test\resources
2024-07-30 11:46:48,956 [Worker-36: Updating Maven Project] INFO  o.e.m.c.i.p.ProjectConfigurationManager - Update started
2024-07-30 11:46:49,344 [Worker-36: Updating Maven Project] INFO  o.e.m.c.i.l.LifecycleMappingFactory - Using org.eclipse.m2e.jdt.JarLifecycleMapping lifecycle mapping for MavenProject: com.library:LibraryManagement:0.0.1-SNAPSHOT @ D:\DNP3\Week 2_Spring Core_Maven\LibraryManagement\pom.xml.
2024-07-30 11:46:49,483 [Worker-36: Updating Maven Project] INFO  o.e.m.j.i.AbstractJavaProjectConfigurator - Adding source folder /LibraryManagement/src/main/java
2024-07-30 11:46:49,484 [Worker-36: Updating Maven Project] INFO  o.e.m.j.i.AbstractJavaProjectConfigurator - Adding resource folder /LibraryManagement/src/main/resources
2024-07-30 11:46:49,485 [Worker-36: Updating Maven Project] INFO  o.e.m.j.i.AbstractJavaProjectConfigurator - Adding source folder /LibraryManagement/src/test/java
2024-07-30 11:46:49,486 [Worker-36: Updating Maven Project] INFO  o.e.m.j.i.AbstractJavaProjectConfigurator - Adding resource folder /LibraryManagement/src/test/resources
2024-07-30 11:46:49,564 [Worker-36: Updating Maven Project] INFO  o.e.m.c.i.p.ProjectConfigurationManager - Update completed for 1 poms: local refresh takes 0.00 sec, refresh facades takes 0.00 sec, update config takes 0.00 sec 
2024-07-30 11:46:49,779 [Worker-33: Building] INFO  o.a.m.s.f.DefaultMavenResourcesFiltering - skip non existing resourceDirectory D:\DNP3\Week 2_Spring Core_Maven\LibraryManagement\src\main\resources
2024-07-30 11:46:49,784 [Worker-33: Building] INFO  o.a.m.s.f.DefaultMavenResourcesFiltering - skip non existing resourceDirectory D:\DNP3\Week 2_Spring Core_Maven\LibraryManagement\src\test\resources
2024-07-30 11:53:35,249 [Worker-51: Building] INFO  o.e.m.c.i.l.LifecycleMappingFactory - Using org.eclipse.m2e.jdt.JarLifecycleMapping lifecycle mapping for MavenProject: com.library:LibraryManagement:0.0.1-SNAPSHOT @ D:\DNP3\Week 2_Spring Core_Maven\LibraryManagement\pom.xml.
2024-07-30 11:53:35,478 [Worker-51: Building] INFO  o.e.m.c.i.e.AbstractTransferListenerAdapter - Downloading https://repo.maven.apache.org/maven2/org/aspectj/aspectjweaver/1.9.6/aspectjweaver-1.9.6.pom
2024-07-30 11:53:35,488 [Worker-51: Building] INFO  o.e.m.c.i.e.AbstractTransferListenerAdapter - Downloaded https://repo.maven.apache.org/maven2/org/aspectj/aspectjweaver/1.9.6/aspectjweaver-1.9.6.pom
2024-07-30 11:53:35,576 [Worker-51: Building] INFO  o.e.m.c.i.e.AbstractTransferListenerAdapter - Downloading https://repo.maven.apache.org/maven2/org/aspectj/aspectjweaver/1.9.6/aspectjweaver-1.9.6.jar
2024-07-30 11:53:36,998 [Worker-51: Building] INFO  o.e.m.c.i.e.AbstractTransferListenerAdapter - Downloaded https://repo.maven.apache.org/maven2/org/aspectj/aspectjweaver/1.9.6/aspectjweaver-1.9.6.jar
2024-07-30 11:53:37,106 [Worker-51: Building] INFO  o.a.m.s.f.DefaultMavenResourcesFiltering - skip non existing resourceDirectory D:\DNP3\Week 2_Spring Core_Maven\LibraryManagement\src\main\resources
2024-07-30 11:53:37,110 [Worker-51: Building] INFO  o.a.m.s.f.DefaultMavenResourcesFiltering - skip non existing resourceDirectory D:\DNP3\Week 2_Spring Core_Maven\LibraryManagement\src\test\resources
2024-07-30 11:53:38,241 [Worker-46: Download sources and javadoc] INFO  o.e.m.c.i.e.AbstractTransferListenerAdapter - Downloading https://repo.maven.apache.org/maven2/org/aspectj/aspectjweaver/1.9.6/aspectjweaver-1.9.6-sources.jar
2024-07-30 11:53:38,431 [Worker-49: Building] INFO  o.a.m.s.f.DefaultMavenResourcesFiltering - skip non existing resourceDirectory D:\DNP3\Week 2_Spring Core_Maven\LibraryManagement\src\main\resources
2024-07-30 11:53:38,434 [Worker-49: Building] INFO  o.a.m.s.f.DefaultMavenResourcesFiltering - skip non existing resourceDirectory D:\DNP3\Week 2_Spring Core_Maven\LibraryManagement\src\test\resources
2024-07-30 11:53:38,628 [Worker-46: Download sources and javadoc] INFO  o.e.m.c.i.e.AbstractTransferListenerAdapter - Downloaded https://repo.maven.apache.org/maven2/org/aspectj/aspectjweaver/1.9.6/aspectjweaver-1.9.6-sources.jar
2024-07-30 11:53:38,632 [Worker-46: Download sources and javadoc] INFO  o.e.m.j.internal.DownloadSourcesJob - Downloaded sources for org.aspectj:aspectjweaver:1.9.6
2024-07-30 11:54:40,958 [Worker-52: Building] INFO  o.a.m.s.f.DefaultMavenResourcesFiltering - skip non existing resourceDirectory D:\DNP3\Week 2_Spring Core_Maven\LibraryManagement\src\main\resources
2024-07-30 11:54:40,960 [Worker-52: Building] INFO  o.a.m.s.f.DefaultMavenResourcesFiltering - skip non existing resourceDirectory D:\DNP3\Week 2_Spring Core_Maven\LibraryManagement\src\test\resources
2024-07-30 11:56:04,123 [Worker-41: Updating Maven Project] INFO  o.e.m.c.i.p.ProjectConfigurationManager - Update started
2024-07-30 11:56:04,301 [Worker-41: Updating Maven Project] INFO  o.e.m.c.i.l.LifecycleMappingFactory - Using org.eclipse.m2e.jdt.JarLifecycleMapping lifecycle mapping for MavenProject: com.library:LibraryManagement:0.0.1-SNAPSHOT @ D:\DNP3\Week 2_Spring Core_Maven\LibraryManagement\pom.xml.
2024-07-30 11:56:04,456 [Worker-41: Updating Maven Project] INFO  o.e.m.j.i.AbstractJavaProjectConfigurator - Adding source folder /LibraryManagement/src/main/java
2024-07-30 11:56:04,456 [Worker-41: Updating Maven Project] INFO  o.e.m.j.i.AbstractJavaProjectConfigurator - Adding resource folder /LibraryManagement/src/main/resources
2024-07-30 11:56:04,457 [Worker-41: Updating Maven Project] INFO  o.e.m.j.i.AbstractJavaProjectConfigurator - Adding source folder /LibraryManagement/src/test/java
2024-07-30 11:56:04,458 [Worker-41: Updating Maven Project] INFO  o.e.m.j.i.AbstractJavaProjectConfigurator - Adding resource folder /LibraryManagement/src/test/resources
2024-07-30 11:56:04,531 [Worker-41: Updating Maven Project] INFO  o.e.m.c.i.p.ProjectConfigurationManager - Update completed for 1 poms: local refresh takes 0.00 sec, refresh facades takes 0.00 sec, update config takes 0.00 sec 
2024-07-30 11:56:04,692 [Worker-47: Building] INFO  o.a.m.s.f.DefaultMavenResourcesFiltering - skip non existing resourceDirectory D:\DNP3\Week 2_Spring Core_Maven\LibraryManagement\src\main\resources
2024-07-30 11:56:04,697 [Worker-47: Building] INFO  o.a.m.s.f.DefaultMavenResourcesFiltering - skip non existing resourceDirectory D:\DNP3\Week 2_Spring Core_Maven\LibraryManagement\src\test\resources
2024-07-30 11:56:27,410 [Worker-36: Building] INFO  o.a.m.s.f.DefaultMavenResourcesFiltering - skip non existing resourceDirectory D:\DNP3\Week 2_Spring Core_Maven\LibraryManagement\src\main\resources
2024-07-30 11:56:27,413 [Worker-36: Building] INFO  o.a.m.s.f.DefaultMavenResourcesFiltering - skip non existing resourceDirectory D:\DNP3\Week 2_Spring Core_Maven\LibraryManagement\src\test\resources
2024-07-30 11:56:37,920 [Worker-47: Building] INFO  o.a.m.s.f.DefaultMavenResourcesFiltering - skip non existing resourceDirectory D:\DNP3\Week 2_Spring Core_Maven\LibraryManagement\src\main\resources
2024-07-30 11:56:37,923 [Worker-47: Building] INFO  o.a.m.s.f.DefaultMavenResourcesFiltering - skip non existing resourceDirectory D:\DNP3\Week 2_Spring Core_Maven\LibraryManagement\src\test\resources
2024-07-30 11:57:31,023 [Worker-46: Building] INFO  o.a.m.s.f.DefaultMavenResourcesFiltering - skip non existing resourceDirectory D:\DNP3\Week 2_Spring Core_Maven\LibraryManagement\src\main\resources
2024-07-30 11:57:31,026 [Worker-46: Building] INFO  o.a.m.s.f.DefaultMavenResourcesFiltering - skip non existing resourceDirectory D:\DNP3\Week 2_Spring Core_Maven\LibraryManagement\src\test\resources
2024-07-30 11:58:06,694 [Worker-51: Building] INFO  o.a.m.s.f.DefaultMavenResourcesFiltering - skip non existing resourceDirectory D:\DNP3\Week 2_Spring Core_Maven\LibraryManagement\src\main\resources
2024-07-30 11:58:06,696 [Worker-51: Building] INFO  o.a.m.s.f.DefaultMavenResourcesFiltering - skip non existing resourceDirectory D:\DNP3\Week 2_Spring Core_Maven\LibraryManagement\src\test\resources
2024-07-30 11:58:42,730 [Worker-46: Building] INFO  o.a.m.s.f.DefaultMavenResourcesFiltering - skip non existing resourceDirectory D:\DNP3\Week 2_Spring Core_Maven\LibraryManagement\src\main\resources
2024-07-30 11:58:42,732 [Worker-46: Building] INFO  o.a.m.s.f.DefaultMavenResourcesFiltering - skip non existing resourceDirectory D:\DNP3\Week 2_Spring Core_Maven\LibraryManagement\src\test\resources
2024-07-30 12:00:45,110 [Worker-47: Building] INFO  o.a.m.s.f.DefaultMavenResourcesFiltering - skip non existing resourceDirectory D:\DNP3\Week 2_Spring Core_Maven\LibraryManagement\src\main\resources
2024-07-30 12:00:45,112 [Worker-47: Building] INFO  o.a.m.s.f.DefaultMavenResourcesFiltering - skip non existing resourceDirectory D:\DNP3\Week 2_Spring Core_Maven\LibraryManagement\src\test\resources
2024-07-30 12:01:32,105 [Worker-46: Building] INFO  o.a.m.s.f.DefaultMavenResourcesFiltering - skip non existing resourceDirectory D:\DNP3\Week 2_Spring Core_Maven\LibraryManagement\src\main\resources
2024-07-30 12:01:32,107 [Worker-46: Building] INFO  o.a.m.s.f.DefaultMavenResourcesFiltering - skip non existing resourceDirectory D:\DNP3\Week 2_Spring Core_Maven\LibraryManagement\src\test\resources
2024-07-30 12:01:47,178 [Worker-40: Building] INFO  o.a.m.s.f.DefaultMavenResourcesFiltering - skip non existing resourceDirectory D:\DNP3\Week 2_Spring Core_Maven\LibraryManagement\src\main\resources
2024-07-30 12:01:47,179 [Worker-40: Building] INFO  o.a.m.s.f.DefaultMavenResourcesFiltering - skip non existing resourceDirectory D:\DNP3\Week 2_Spring Core_Maven\LibraryManagement\src\test\resources
2024-07-30 12:05:07,017 [Worker-51: Building] INFO  o.a.m.s.f.DefaultMavenResourcesFiltering - skip non existing resourceDirectory D:\DNP3\Week 2_Spring Core_Maven\LibraryManagement\src\main\resources
2024-07-30 12:05:07,020 [Worker-51: Building] INFO  o.a.m.s.f.DefaultMavenResourcesFiltering - skip non existing resourceDirectory D:\DNP3\Week 2_Spring Core_Maven\LibraryManagement\src\test\resources
2024-07-30 12:06:01,033 [Worker-51: Building] INFO  o.a.m.s.f.DefaultMavenResourcesFiltering - Copying 0 resource from src\main\resources to target\classes
2024-07-30 12:06:01,037 [Worker-51: Building] INFO  o.a.m.s.f.DefaultMavenResourcesFiltering - Copying 0 resource from src\test\resources to target\test-classes
2024-07-30 12:06:20,559 [Worker-54: Building] INFO  o.a.m.s.f.DefaultMavenResourcesFiltering - Copying 0 resource from src\main\resources to target\classes
2024-07-30 12:06:20,563 [Worker-54: Building] INFO  o.a.m.s.f.DefaultMavenResourcesFiltering - Copying 0 resource from src\test\resources to target\test-classes
2024-07-30 12:08:02,876 [Worker-50: Building] INFO  o.e.m.c.i.l.LifecycleMappingFactory - Using org.eclipse.m2e.jdt.JarLifecycleMapping lifecycle mapping for MavenProject: com.library:LibraryManagement:0.0.1-SNAPSHOT @ D:\DNP3\Week 2_Spring Core_Maven\LibraryManagement\pom.xml.
2024-07-30 12:08:03,018 [Worker-50: Building] INFO  o.a.m.s.f.DefaultMavenResourcesFiltering - Copying 0 resource from src\main\resources to target\classes
2024-07-30 12:08:03,023 [Worker-50: Building] INFO  o.a.m.s.f.DefaultMavenResourcesFiltering - Copying 0 resource from src\test\resources to target\test-classes
2024-07-30 12:08:04,416 [Worker-55: Building] INFO  o.a.m.s.f.DefaultMavenResourcesFiltering - Copying 0 resource from src\main\resources to target\classes
2024-07-30 12:08:04,419 [Worker-55: Building] INFO  o.a.m.s.f.DefaultMavenResourcesFiltering - Copying 0 resource from src\test\resources to target\test-classes
2024-07-30 12:08:13,816 [Worker-57: Updating Maven Project] INFO  o.e.m.c.i.p.ProjectConfigurationManager - Update started
2024-07-30 12:08:14,011 [Worker-57: Updating Maven Project] INFO  o.e.m.c.i.l.LifecycleMappingFactory - Using org.eclipse.m2e.jdt.JarLifecycleMapping lifecycle mapping for MavenProject: com.library:LibraryManagement:0.0.1-SNAPSHOT @ D:\DNP3\Week 2_Spring Core_Maven\LibraryManagement\pom.xml.
2024-07-30 12:08:14,144 [Worker-57: Updating Maven Project] INFO  o.e.m.j.i.AbstractJavaProjectConfigurator - Adding source folder /LibraryManagement/src/main/java
2024-07-30 12:08:14,145 [Worker-57: Updating Maven Project] INFO  o.e.m.j.i.AbstractJavaProjectConfigurator - Adding resource folder /LibraryManagement/src/main/resources
2024-07-30 12:08:14,148 [Worker-57: Updating Maven Project] INFO  o.e.m.j.i.AbstractJavaProjectConfigurator - Adding source folder /LibraryManagement/src/test/java
2024-07-30 12:08:14,148 [Worker-57: Updating Maven Project] INFO  o.e.m.j.i.AbstractJavaProjectConfigurator - Adding resource folder /LibraryManagement/src/test/resources
2024-07-30 12:08:14,251 [Worker-57: Updating Maven Project] INFO  o.e.m.c.i.p.ProjectConfigurationManager - Update completed for 1 poms: local refresh takes 0.00 sec, refresh facades takes 0.00 sec, update config takes 0.00 sec 
2024-07-30 12:08:14,413 [Worker-51: Building] INFO  o.a.m.s.f.DefaultMavenResourcesFiltering - Copying 0 resource from src\main\resources to target\classes
2024-07-30 12:08:14,419 [Worker-51: Building] INFO  o.a.m.s.f.DefaultMavenResourcesFiltering - Copying 0 resource from src\test\resources to target\test-classes
2024-07-30 12:08:54,477 [Worker-56: Building] INFO  o.a.m.s.f.DefaultMavenResourcesFiltering - Copying 0 resource from src\main\resources to target\classes
2024-07-30 12:08:54,479 [Worker-56: Building] INFO  o.a.m.s.f.DefaultMavenResourcesFiltering - Copying 0 resource from src\test\resources to target\test-classes
2024-07-30 12:11:25,640 [Worker-55: Building] INFO  o.a.m.s.f.DefaultMavenResourcesFiltering - Copying 0 resource from src\main\resources to target\classes
2024-07-30 12:11:25,643 [Worker-55: Building] INFO  o.a.m.s.f.DefaultMavenResourcesFiltering - Copying 0 resource from src\test\resources to target\test-classes
2024-07-30 12:13:51,165 [Worker-54: Building] INFO  o.a.m.s.f.DefaultMavenResourcesFiltering - Copying 0 resource from src\main\resources to target\classes
2024-07-30 12:13:51,167 [Worker-54: Building] INFO  o.a.m.s.f.DefaultMavenResourcesFiltering - Copying 0 resource from src\test\resources to target\test-classes
2024-07-30 12:14:49,643 [Worker-63: Building] INFO  o.a.m.s.f.DefaultMavenResourcesFiltering - Copying 0 resource from src\main\resources to target\classes
2024-07-30 12:14:49,646 [Worker-63: Building] INFO  o.a.m.s.f.DefaultMavenResourcesFiltering - Copying 0 resource from src\test\resources to target\test-classes
2024-07-30 12:15:07,756 [Worker-60: Building] INFO  o.a.m.s.f.DefaultMavenResourcesFiltering - Copying 0 resource from src\main\resources to target\classes
2024-07-30 12:15:07,759 [Worker-60: Building] INFO  o.a.m.s.f.DefaultMavenResourcesFiltering - Copying 0 resource from src\test\resources to target\test-classes
2024-07-30 12:18:54,062 [Worker-64: Building] INFO  o.a.m.s.f.DefaultMavenResourcesFiltering - Copying 0 resource from src\main\resources to target\classes
2024-07-30 12:18:54,065 [Worker-64: Building] INFO  o.a.m.s.f.DefaultMavenResourcesFiltering - Copying 0 resource from src\test\resources to target\test-classes
2024-07-30 12:20:32,815 [Worker-64: Building] INFO  o.a.m.s.f.DefaultMavenResourcesFiltering - Copying 0 resource from src\main\resources to target\classes
2024-07-30 12:20:32,819 [Worker-64: Building] INFO  o.a.m.s.f.DefaultMavenResourcesFiltering - Copying 0 resource from src\test\resources to target\test-classes
2024-07-30 12:21:52,466 [Worker-64: Updating Maven Project] INFO  o.e.m.c.i.p.ProjectConfigurationManager - Update started
2024-07-30 12:21:52,785 [Worker-64: Updating Maven Project] INFO  o.e.m.c.i.l.LifecycleMappingFactory - Using org.eclipse.m2e.jdt.JarLifecycleMapping lifecycle mapping for MavenProject: com.library:LibraryManagement:0.0.1-SNAPSHOT @ D:\DNP3\Week 2_Spring Core_Maven\LibraryManagement\pom.xml.
2024-07-30 12:21:52,954 [Worker-64: Updating Maven Project] INFO  o.e.m.j.i.AbstractJavaProjectConfigurator - Adding source folder /LibraryManagement/src/main/java
2024-07-30 12:21:52,955 [Worker-64: Updating Maven Project] INFO  o.e.m.j.i.AbstractJavaProjectConfigurator - Adding resource folder /LibraryManagement/src/main/resources
2024-07-30 12:21:52,955 [Worker-64: Updating Maven Project] INFO  o.e.m.j.i.AbstractJavaProjectConfigurator - Adding source folder /LibraryManagement/src/test/java
2024-07-30 12:21:52,956 [Worker-64: Updating Maven Project] INFO  o.e.m.j.i.AbstractJavaProjectConfigurator - Adding resource folder /LibraryManagement/src/test/resources
2024-07-30 12:21:53,024 [Worker-64: Updating Maven Project] INFO  o.e.m.c.i.p.ProjectConfigurationManager - Update completed for 1 poms: local refresh takes 0.00 sec, refresh facades takes 0.00 sec, update config takes 0.00 sec 
2024-07-30 12:21:53,192 [Worker-66: Building] INFO  o.a.m.s.f.DefaultMavenResourcesFiltering - Copying 0 resource from src\main\resources to target\classes
2024-07-30 12:21:53,196 [Worker-66: Building] INFO  o.a.m.s.f.DefaultMavenResourcesFiltering - Copying 0 resource from src\test\resources to target\test-classes
2024-07-30 12:39:18,164 [Worker-1: Loading available Gradle versions] INFO  o.e.b.c.i.u.g.PublishedGradleVersions - Gradle version information cache is up-to-date. Trying to read.
2024-07-30 12:39:58,059 [Worker-9: Building] INFO  o.e.m.c.i.l.LifecycleMappingFactory - Using org.eclipse.m2e.jdt.JarLifecycleMapping lifecycle mapping for MavenProject: com.library:LibraryManagement:0.0.1-SNAPSHOT @ D:\DNP3\Week 2_Spring Core_Maven\LibraryManagement\pom.xml.
2024-07-30 12:39:58,871 [Worker-9: Building] INFO  o.e.m.c.i.e.AbstractTransferListenerAdapter - Downloading https://repo.maven.apache.org/maven2/org/springframework/spring-webmvc/5.2.22.RELEASE/spring-webmvc-5.2.22.RELEASE.pom
2024-07-30 12:39:58,922 [Worker-9: Building] INFO  o.e.m.c.i.e.AbstractTransferListenerAdapter - Downloaded https://repo.maven.apache.org/maven2/org/springframework/spring-webmvc/5.2.22.RELEASE/spring-webmvc-5.2.22.RELEASE.pom
2024-07-30 12:39:58,986 [Worker-9: Building] INFO  o.e.m.c.i.e.AbstractTransferListenerAdapter - Downloading https://repo.maven.apache.org/maven2/org/springframework/spring-web/5.2.22.RELEASE/spring-web-5.2.22.RELEASE.pom
2024-07-30 12:39:58,992 [Worker-9: Building] INFO  o.e.m.c.i.e.AbstractTransferListenerAdapter - Downloaded https://repo.maven.apache.org/maven2/org/springframework/spring-web/5.2.22.RELEASE/spring-web-5.2.22.RELEASE.pom
2024-07-30 12:39:59,086 [Worker-9: Building] INFO  o.e.m.c.i.e.AbstractTransferListenerAdapter - Downloading https://repo.maven.apache.org/maven2/org/springframework/spring-webmvc/5.2.22.RELEASE/spring-webmvc-5.2.22.RELEASE.jar
2024-07-30 12:39:59,539 [Worker-9: Building] INFO  o.e.m.c.i.e.AbstractTransferListenerAdapter - Downloaded https://repo.maven.apache.org/maven2/org/springframework/spring-webmvc/5.2.22.RELEASE/spring-webmvc-5.2.22.RELEASE.jar
2024-07-30 12:39:59,596 [BasicRepositoryConnector-repo.maven.apache.org-0-0] INFO  o.e.m.c.i.e.AbstractTransferListenerAdapter - Downloading https://repo.maven.apache.org/maven2/org/springframework/spring-web/5.2.22.RELEASE/spring-web-5.2.22.RELEASE.jar
2024-07-30 12:39:59,833 [BasicRepositoryConnector-repo.maven.apache.org-0-0] INFO  o.e.m.c.i.e.AbstractTransferListenerAdapter - Downloaded https://repo.maven.apache.org/maven2/org/springframework/spring-web/5.2.22.RELEASE/spring-web-5.2.22.RELEASE.jar
2024-07-30 12:40:00,290 [Worker-9: Building] INFO  o.a.m.s.f.DefaultMavenResourcesFiltering - Copying 0 resource from src\main\resources to target\classes
2024-07-30 12:40:00,298 [Worker-9: Building] INFO  o.a.m.s.f.DefaultMavenResourcesFiltering - Copying 0 resource from src\test\resources to target\test-classes
2024-07-30 12:40:01,540 [Worker-8: Download sources and javadoc] INFO  o.e.m.c.i.e.AbstractTransferListenerAdapter - Downloading https://repo.maven.apache.org/maven2/org/springframework/spring-webmvc/5.2.22.RELEASE/spring-webmvc-5.2.22.RELEASE-sources.jar
2024-07-30 12:40:02,009 [Worker-8: Download sources and javadoc] INFO  o.e.m.c.i.e.AbstractTransferListenerAdapter - Downloaded https://repo.maven.apache.org/maven2/org/springframework/spring-webmvc/5.2.22.RELEASE/spring-webmvc-5.2.22.RELEASE-sources.jar
2024-07-30 12:40:02,021 [Worker-8: Download sources and javadoc] INFO  o.e.m.j.internal.DownloadSourcesJob - Downloaded sources for org.springframework:spring-webmvc:5.2.22.RELEASE
2024-07-30 12:40:02,267 [Worker-3: Building] INFO  o.a.m.s.f.DefaultMavenResourcesFiltering - Copying 0 resource from src\main\resources to target\classes
2024-07-30 12:40:02,275 [Worker-3: Building] INFO  o.a.m.s.f.DefaultMavenResourcesFiltering - Copying 0 resource from src\test\resources to target\test-classes
2024-07-30 12:40:02,477 [Worker-8: Download sources and javadoc] INFO  o.e.m.c.i.e.AbstractTransferListenerAdapter - Downloading https://repo.maven.apache.org/maven2/org/springframework/spring-web/5.2.22.RELEASE/spring-web-5.2.22.RELEASE-sources.jar
2024-07-30 12:40:02,974 [Worker-8: Download sources and javadoc] INFO  o.e.m.c.i.e.AbstractTransferListenerAdapter - Downloaded https://repo.maven.apache.org/maven2/org/springframework/spring-web/5.2.22.RELEASE/spring-web-5.2.22.RELEASE-sources.jar
2024-07-30 12:40:02,981 [Worker-8: Download sources and javadoc] INFO  o.e.m.j.internal.DownloadSourcesJob - Downloaded sources for org.springframework:spring-web:5.2.22.RELEASE
2024-07-30 12:45:16,411 [Worker-10: Building] INFO  o.a.m.s.f.DefaultMavenResourcesFiltering - Copying 0 resource from src\main\resources to target\classes
2024-07-30 12:45:16,414 [Worker-10: Building] INFO  o.a.m.s.f.DefaultMavenResourcesFiltering - Copying 0 resource from src\test\resources to target\test-classes
2024-07-30 12:46:33,908 [Worker-14: Building] INFO  o.a.m.s.f.DefaultMavenResourcesFiltering - Copying 0 resource from src\main\resources to target\classes
2024-07-30 12:46:33,911 [Worker-14: Building] INFO  o.a.m.s.f.DefaultMavenResourcesFiltering - Copying 0 resource from src\test\resources to target\test-classes
2024-07-30 12:47:16,525 [Worker-11: Building] INFO  o.a.m.s.f.DefaultMavenResourcesFiltering - Copying 0 resource from src\main\resources to target\classes
2024-07-30 12:47:16,528 [Worker-11: Building] INFO  o.a.m.s.f.DefaultMavenResourcesFiltering - Copying 0 resource from src\test\resources to target\test-classes
2024-07-30 12:48:18,220 [Worker-11: Building] INFO  o.a.m.s.f.DefaultMavenResourcesFiltering - Copying 0 resource from src\main\resources to target\classes
2024-07-30 12:48:18,225 [Worker-11: Building] INFO  o.a.m.s.f.DefaultMavenResourcesFiltering - Copying 0 resource from src\test\resources to target\test-classes
2024-07-30 12:48:55,081 [Worker-17: Building] INFO  o.a.m.s.f.DefaultMavenResourcesFiltering - Copying 0 resource from src\main\resources to target\classes
2024-07-30 12:48:55,084 [Worker-17: Building] INFO  o.a.m.s.f.DefaultMavenResourcesFiltering - Copying 0 resource from src\test\resources to target\test-classes
2024-07-30 12:49:49,523 [Worker-16: Building] INFO  o.a.m.s.f.DefaultMavenResourcesFiltering - Copying 0 resource from src\main\resources to target\classes
2024-07-30 12:49:49,526 [Worker-16: Building] INFO  o.a.m.s.f.DefaultMavenResourcesFiltering - Copying 0 resource from src\test\resources to target\test-classes
2024-07-30 12:50:31,824 [Worker-17: Building] INFO  o.a.m.s.f.DefaultMavenResourcesFiltering - Copying 0 resource from src\main\resources to target\classes
2024-07-30 12:50:31,827 [Worker-17: Building] INFO  o.a.m.s.f.DefaultMavenResourcesFiltering - Copying 0 resource from src\test\resources to target\test-classes
2024-07-30 12:57:20,818 [Worker-20: Building] INFO  o.a.m.s.f.DefaultMavenResourcesFiltering - Copying 0 resource from src\main\resources to target\classes
2024-07-30 12:57:20,823 [Worker-20: Building] INFO  o.a.m.s.f.DefaultMavenResourcesFiltering - Copying 0 resource from src\test\resources to target\test-classes
2024-07-30 12:57:42,588 [Worker-18: Building] INFO  o.a.m.s.f.DefaultMavenResourcesFiltering - Copying 0 resource from src\main\resources to target\classes
2024-07-30 12:57:42,592 [Worker-18: Building] INFO  o.a.m.s.f.DefaultMavenResourcesFiltering - Copying 0 resource from src\test\resources to target\test-classes
2024-07-30 12:58:18,384 [Worker-18: Building] INFO  o.a.m.s.f.DefaultMavenResourcesFiltering - Copying 0 resource from src\main\resources to target\classes
2024-07-30 12:58:18,389 [Worker-18: Building] INFO  o.a.m.s.f.DefaultMavenResourcesFiltering - Copying 0 resource from src\test\resources to target\test-classes
2024-07-30 12:59:44,958 [Worker-21: Building] INFO  o.a.m.s.f.DefaultMavenResourcesFiltering - Copying 0 resource from src\main\resources to target\classes
2024-07-30 12:59:44,961 [Worker-21: Building] INFO  o.a.m.s.f.DefaultMavenResourcesFiltering - Copying 0 resource from src\test\resources to target\test-classes
2024-07-30 13:00:34,841 [Worker-16: Building] INFO  o.a.m.s.f.DefaultMavenResourcesFiltering - Copying 0 resource from src\main\resources to target\classes
2024-07-30 13:00:34,845 [Worker-16: Building] INFO  o.a.m.s.f.DefaultMavenResourcesFiltering - Copying 0 resource from src\test\resources to target\test-classes
